<?xml version="1.0" encoding="UTF-8"?>
<testsuite name="SquareTest" tests="2" skipped="0" failures="0" errors="0" timestamp="2020-02-25T10:58:12" hostname="DESKTOP-HD16HCH" time="0.002">
  <properties/>
  <testcase name="getArea" classname="SquareTest" time="0.002"/>
  <testcase name="getPerimeter" classname="SquareTest" time="0.0"/>
  <system-out><![CDATA[]]></system-out>
  <system-err><![CDATA[]]></system-err>
</testsuite>
