<?xml version="1.0" encoding="UTF-8"?>
<testsuite name="Entities.TestNota" tests="5" skipped="0" failures="0" errors="0" timestamp="2019-11-27T07:50:18" hostname="DESKTOP-HD16HCH" time="0.005">
  <properties/>
  <testcase name="setID" classname="Entities.TestNota" time="0.003"/>
  <testcase name="setSaptPredata" classname="Entities.TestNota" time="0.0"/>
  <testcase name="setProfesor" classname="Entities.TestNota" time="0.001"/>
  <testcase name="setGrade" classname="Entities.TestNota" time="0.0"/>
  <testcase name="setFeedback" classname="Entities.TestNota" time="0.0"/>
  <system-out><![CDATA[]]></system-out>
  <system-err><![CDATA[]]></system-err>
</testsuite>
