<?xml version="1.0" encoding="UTF-8"?>
<testsuite name="Service.TestAbstractService" tests="6" skipped="0" failures="0" errors="0" timestamp="2019-11-27T07:50:18" hostname="DESKTOP-HD16HCH" time="0.003">
  <properties/>
  <testcase name="delete" classname="Service.TestAbstractService" time="0.0"/>
  <testcase name="findAll" classname="Service.TestAbstractService" time="0.0"/>
  <testcase name="findOne" classname="Service.TestAbstractService" time="0.0"/>
  <testcase name="update" classname="Service.TestAbstractService" time="0.0"/>
  <testcase name="save" classname="Service.TestAbstractService" time="0.0"/>
  <testcase name="size" classname="Service.TestAbstractService" time="0.0"/>
  <system-out><![CDATA[]]></system-out>
  <system-err><![CDATA[]]></system-err>
</testsuite>
